\BOOKMARK [1][-]{section.1}{\376\377\000I\000n\000t\000r\000o\000d\000u\000c\000t\000i\000o\000n}{}% 1
\BOOKMARK [1][-]{section.2}{\376\377\000R\000e\000l\000a\000t\000e\000d\000\040\000W\000o\000r\000k}{}% 2
\BOOKMARK [2][-]{subsection.2.1}{\376\377\000C\000o\000n\000v\000o\000l\000u\000t\000i\000o\000n\000a\000l\000\040\000N\000e\000u\000r\000a\000l\000\040\000N\000e\000t\000w\000o\000r\000k\000s\000\040\000\050\000C\000N\000N\000s\000\051}{section.2}% 3
\BOOKMARK [2][-]{subsection.2.2}{\376\377\000V\000i\000s\000i\000o\000n\000\040\000T\000r\000a\000n\000s\000f\000o\000r\000m\000e\000r\000s}{section.2}% 4
\BOOKMARK [2][-]{subsection.2.3}{\376\377\000L\000i\000g\000h\000t\000w\000e\000i\000g\000h\000t\000\040\000C\000N\000N\000s}{section.2}% 5
\BOOKMARK [1][-]{section.3}{\376\377\000M\000e\000t\000h\000o\000d}{}% 6
\BOOKMARK [2][-]{subsection.3.1}{\376\377\000M\000u\000l\000t\000i\000-\000k\000e\000r\000n\000e\000l\000\040\000I\000n\000v\000e\000r\000t\000e\000d\000\040\000R\000e\000s\000i\000d\000u\000a\000l\000\040\000\050\000M\000K\000I\000R\000\051}{section.3}% 7
\BOOKMARK [2][-]{subsection.3.2}{\376\377\000M\000u\000l\000t\000i\000-\000k\000e\000r\000n\000e\000l\000\040\000I\000n\000v\000e\000r\000t\000e\000d\000\040\000R\000e\000s\000i\000d\000u\000a\000l\000\040\000A\000t\000t\000e\000n\000t\000i\000o\000n\000\040\000\050\000M\000K\000I\000R\000A\000\051}{section.3}% 8
\BOOKMARK [2][-]{subsection.3.3}{\376\377\000G\000r\000o\000u\000p\000e\000d\000\040\000a\000t\000t\000e\000n\000t\000i\000o\000n\000\040\000g\000a\000t\000e\000\040\000\050\000G\000A\000G\000\051}{section.3}% 9
\BOOKMARK [2][-]{subsection.3.4}{\376\377\000M\000u\000l\000t\000i\000-\000k\000e\000r\000n\000e\000l\000\040\000U\000N\000e\000t\000\040\000\050\000M\000K\000-\000U\000N\000e\000t\000\051}{section.3}% 10
\BOOKMARK [1][-]{section.4}{\376\377\000E\000x\000p\000e\000r\000i\000m\000e\000n\000t\000s\000\040\000a\000n\000d\000\040\000R\000e\000s\000u\000l\000t\000s}{}% 11
\BOOKMARK [2][-]{subsection.4.1}{\376\377\000D\000a\000t\000a\000s\000e\000t\000s}{section.4}% 12
\BOOKMARK [2][-]{subsection.4.2}{\376\377\000I\000m\000p\000l\000e\000m\000e\000n\000t\000a\000t\000i\000o\000n\000\040\000d\000e\000t\000a\000i\000l\000s}{section.4}% 13
\BOOKMARK [2][-]{subsection.4.3}{\376\377\000R\000e\000s\000u\000l\000t\000s}{section.4}% 14
\BOOKMARK [3][-]{subsubsection.4.3.1}{\376\377\000B\000r\000e\000a\000s\000t\000\040\000c\000a\000n\000c\000e\000r\000\040\000s\000e\000g\000m\000e\000n\000t\000a\000t\000i\000o\000n}{subsection.4.3}% 15
\BOOKMARK [3][-]{subsubsection.4.3.2}{\376\377\000S\000k\000i\000n\000\040\000l\000e\000s\000i\000o\000n\000\040\000s\000e\000g\000m\000e\000n\000t\000a\000t\000i\000o\000n}{subsection.4.3}% 16
\BOOKMARK [3][-]{subsubsection.4.3.3}{\376\377\000P\000o\000l\000y\000p\000\040\000s\000e\000g\000m\000e\000n\000t\000a\000t\000i\000o\000n}{subsection.4.3}% 17
\BOOKMARK [3][-]{subsubsection.4.3.4}{\376\377\000M\000i\000c\000r\000o\000s\000c\000o\000p\000i\000c\000\040\000c\000e\000l\000l\000\040\000n\000u\000c\000l\000e\000i\000/\000s\000t\000r\000u\000c\000t\000u\000r\000e\000\040\000s\000e\000g\000m\000e\000n\000t\000a\000t\000i\000o\000n}{subsection.4.3}% 18
\BOOKMARK [2][-]{subsection.4.4}{\376\377\000Q\000u\000a\000l\000i\000t\000a\000t\000i\000v\000e\000\040\000r\000e\000s\000u\000l\000t\000s}{section.4}% 19
\BOOKMARK [1][-]{section.5}{\376\377\000A\000b\000l\000a\000t\000i\000o\000n\000\040\000S\000t\000u\000d\000y}{}% 20
\BOOKMARK [2][-]{subsection.5.1}{\376\377\000E\000f\000f\000e\000c\000t\000\040\000o\000f\000\040\000d\000i\000f\000f\000e\000r\000e\000n\000t\000\040\000c\000o\000m\000p\000o\000n\000e\000n\000t\000s}{section.5}% 21
\BOOKMARK [2][-]{subsection.5.2}{\376\377\000E\000f\000f\000e\000c\000t\000\040\000o\000f\000\040\000m\000u\000l\000t\000i\000p\000l\000e\000\040\000k\000e\000r\000n\000e\000l\000s}{section.5}% 22
\BOOKMARK [2][-]{subsection.5.3}{\376\377\000E\000f\000f\000e\000c\000t\000i\000v\000e\000n\000e\000s\000s\000\040\000o\000f\000\040\000o\000u\000r\000\040\000M\000K\000I\000R\000\040\000o\000v\000e\000r\000\040\000I\000R\000B\000\040\000s\000a\000n\000d\000l\000e\000r\0002\0000\0001\0008\000m\000o\000b\000i\000l\000e\000n\000e\000t\000v\0002}{section.5}% 23
\BOOKMARK [2][-]{subsection.5.4}{\376\377\000E\000f\000f\000e\000c\000t\000i\000v\000e\000n\000e\000s\000s\000\040\000o\000f\000\040\000M\000K\000I\000R\000\040\000v\000s\000.\000\040\000M\000K\000I\000R\000A\000\040\000i\000n\000\040\000E\000n\000c\000o\000d\000e\000r}{section.5}% 24
\BOOKMARK [1][-]{section.6}{\376\377\000C\000o\000n\000c\000l\000u\000s\000i\000o\000n}{}% 25
\BOOKMARK [2][-]{subsection.6.1}{\376\377\000A\000n\000a\000l\000y\000s\000i\000s\000\040\000o\000f\000\040\000t\000h\000e\000\040\000n\000u\000m\000b\000e\000r\000\040\000o\000f\000\040\000c\000h\000a\000n\000n\000e\000l\000s}{section.6}% 26
\BOOKMARK [2][-]{subsection.6.2}{\376\377\000E\000f\000f\000e\000c\000t\000i\000v\000e\000n\000e\000s\000s\000\040\000o\000f\000\040\000o\000u\000r\000\040\000G\000r\000o\000u\000p\000e\000d\000\040\000A\000t\000t\000e\000n\000t\000i\000o\000n\000\040\000G\000a\000t\000e\000\040\000\050\000G\000A\000G\000\051\000\040\000o\000v\000e\000r\000\040\000A\000t\000t\000e\000n\000t\000i\000o\000n\000\040\000G\000a\000t\000e\000\040\000\050\000A\000G\000\051\000\040\000o\000k\000t\000a\000y\0002\0000\0001\0008\000a\000t\000t\000e\000n\000t\000i\000o\000n}{section.6}% 27
